<?xml version="1.0" encoding="UTF-8"?>
<!-- Generated by org.testng.reporters.JUnitReportReporter -->
<testsuite hostname="LAPTOP-S0IS0QVR" failures="0" tests="1" name="Programs.Alerts" time="3.121" errors="0" timestamp="2024-01-09T08:45:27 IST" skipped="0">
  <testcase classname="Programs.Alerts" name="alertsflow" time="3.121"/>
  <system-out/>
</testsuite> <!-- Programs.Alerts -->
